testEmail 
testEmail 
sh: queue:work: command not found
testEmail 
[2018-12-19 18:31:34][5] Processing: App\Jobs\SendEmail
Test[2018-12-19 18:31:34][5] Processed:  App\Jobs\SendEmail
[2018-12-19 18:31:34][6] Processing: App\Jobs\SendEmail
Test[2018-12-19 18:31:34][6] Processed:  App\Jobs\SendEmail
[2018-12-19 18:31:34][7] Processing: App\Jobs\SendEmail
Test[2018-12-19 18:31:34][7] Processed:  App\Jobs\SendEmail
[2018-12-19 18:31:34][8] Processing: App\Jobs\SendEmail
Test[2018-12-19 18:31:34][8] Processed:  App\Jobs\SendEmail
[2018-12-19 18:31:34][9] Processing: App\Jobs\SendEmail
Test[2018-12-19 18:31:34][9] Processed:  App\Jobs\SendEmail
[2018-12-19 18:31:34][10] Processing: App\Jobs\SendEmail
Test[2018-12-19 18:31:34][10] Processed:  App\Jobs\SendEmail
testEmail 
testEmail 
testEmail 
testEmail 
testEmail 
Broadcasting queue restart signal.
testEmail 
Broadcasting queue restart signal.
testEmail 
testEmail 
testEmail 
testEmail 

                                 
  Command "php" is not defined.  
                                 

testEmail 

                                                  
  The "--stop-when-empty" option does not exist.  
                                                  

testEmail 
[2018-12-19 18:44:33][11] Processing: App\Jobs\SendEmail
Test[2018-12-19 18:44:33][11] Processed:  App\Jobs\SendEmail
[2018-12-19 18:44:33][12] Processing: App\Jobs\SendEmail
Test[2018-12-19 18:44:33][12] Processed:  App\Jobs\SendEmail
[2018-12-19 18:44:33][13] Processing: App\Jobs\SendEmail
Test[2018-12-19 18:44:33][13] Processed:  App\Jobs\SendEmail
[2018-12-19 18:45:03][14] Processing: App\Jobs\SendEmail
Test[2018-12-19 18:45:03][14] Processed:  App\Jobs\SendEmail
testEmail 
[2018-12-19 18:46:42][15] Processing: App\Jobs\SendEmail
Test[2018-12-19 18:46:42][15] Processed:  App\Jobs\SendEmail
[2018-12-19 18:46:42][16] Processing: App\Jobs\SendEmail
Test[2018-12-19 18:46:42][16] Processed:  App\Jobs\SendEmail
[2018-12-19 18:46:57][17] Processing: App\Jobs\SendEmail
Test[2018-12-19 18:46:57][17] Processed:  App\Jobs\SendEmail
[2018-12-19 18:47:00][18] Processing: App\Jobs\SendEmail
Test[2018-12-19 18:47:00][18] Processed:  App\Jobs\SendEmail
testEmail 
testEmail 
testEmail 

                                                  
  The "--stop-when-empty" option does not exist.  
                                                  

testEmail 

                                                  
  The "--stop-when-empty" option does not exist.  
                                                  

testEmail 
[2018-12-19 18:57:14][19] Processing: App\Jobs\SendEmail
Test[2018-12-19 18:57:14][19] Processed:  App\Jobs\SendEmail
[2018-12-19 18:57:14][20] Processing: App\Jobs\SendEmail
Test[2018-12-19 18:57:14][20] Processed:  App\Jobs\SendEmail
[2018-12-19 18:57:14][21] Processing: App\Jobs\SendEmail
Test[2018-12-19 18:57:14][21] Processed:  App\Jobs\SendEmail
[2018-12-19 18:57:14][22] Processing: App\Jobs\SendEmail
Test[2018-12-19 18:57:14][22] Processed:  App\Jobs\SendEmail
[2018-12-19 18:57:14][23] Processing: App\Jobs\SendEmail
Test[2018-12-19 18:57:14][23] Processed:  App\Jobs\SendEmail
[2018-12-19 18:57:14][24] Processing: App\Jobs\SendEmail
Test[2018-12-19 18:57:14][24] Processed:  App\Jobs\SendEmail
testEmail 
testEmail 
testEmail 
[2018-12-19 19:00:36][25] Processing: App\Jobs\SendEmail
Test[2018-12-19 19:00:36][25] Processed:  App\Jobs\SendEmail
[2018-12-19 19:00:36][26] Processing: App\Jobs\SendEmail
Test[2018-12-19 19:00:36][26] Processed:  App\Jobs\SendEmail
[2018-12-19 19:00:36][27] Processing: App\Jobs\SendEmail
Test[2018-12-19 19:00:36][27] Processed:  App\Jobs\SendEmail
testEmail 
testEmail 

                                                  
  The "--stop-when-empty" option does not exist.  
                                                  

testEmail 
testEmail 
testEmail 
testEmail 
testEmail 
testEmail 
testEmail 
testEmail 
testEmail 
testEmail 
testEmail 
testEmail 
testEmail 
testEmail 
testEmail 
testEmail 
testEmail 
testEmail 
testEmail 
Broadcasting queue restart signal.
testEmail 
Broadcasting queue restart signal.
testEmail 

                                         
  Not enough arguments (missing: "id").  
                                         

testEmail 
testEmail 
testEmail 
testEmail 
testEmail 
testEmail 
testEmail 
testEmail 
testEmail 
testEmail 
testEmail 
testEmail 
testEmail 
testEmail 
testEmail 
testEmail 
testEmail 
testEmail 
testEmail 
testEmail 
